key: num_subjects
value 1

key: num_indices
value 179

key: subject_ids
shape (1198,), value [10000032 10000032 10000032 ... 10000032 10000032 10000032]

key: offsets
shape (1,), value [0]

transformer key: valid_tokens
value shape (1198,), value [ True  True  True ...  True  True  True]

transformer key: ages
value shape (1198,), value [19245.    19075.494 19075.494 ... 19215.5   19215.5   19245.   ]

transformer key: time_data
value shape (1198, 5), value [[ 1.       0.       0.       0.       0.     ]
 [-1.       0.02406  0.2308   0.       0.     ]
 [ 0.       0.02406  0.2308  -0.06094 -0.4072 ]
 ...
 [ 0.       0.04224  0.2471  -0.06094 -0.4072 ]
 [ 0.       0.04224  0.2471  -0.06094 -0.4072 ]
 [ 0.       0.04608  0.2505   0.351    3.684  ]]

transformer key: timestamps
value shape (1198,), value [6648739200 6634093860 6634093860 ... 6646190400 6646190400 6648739200]

transformer key: subject_lengths
value shape (1,), value [1198]

transformer key: label_indices
value shape (179,), value [  75   77   79   80  115  117  124  143  145  154  155  156  183  184
  187  190  192  203  205  206  207  218  219  228  230  233  236  257
  261  301  303  336  337  339  340  361  371  373  377  380  384  394
  397  424  425  433  435  436  437  438  439  440  450  451  465  468
  471  472  473  475  509  510  524  526  529  530  531  532  535  537
  544  547  549  550  559  572  588  618  625  633  637  638  639  653
  668  684  697  702  706  707  709  724  735  736  737  738  739  743
  746  752  759  761  762  767  769  771  775  777  782  788  806  810
  812  814  815  817  818  848  851  852  859  864  867  868  869  871
  872  899  906  908  909  910  912  927  928  941  952  954  957  959
  991  992  995  996  999 1000 1003 1013 1015 1016 1028 1029 1057 1063
 1064 1065 1066 1072 1073 1077 1079 1080 1082 1083 1085 1086 1087 1088
 1089 1090 1091 1102 1125 1126 1136 1149 1150 1166 1196]

transformer key: hierarchical_tokens
value shape (3900,), value [281 265 423 ... 199 344 888]

transformer key: hierarchical_weights
value shape (3900,), value [1. 1. 1. ... 1. 1. 1.]

# different properties of each event
transformer key: token_indices
value shape (1199,), value [   0    2    6 ... 3896 3899 3900]

key: censor_time
value: [14645340. 11664000. 10816980. 10805820. 10805700. 10801800. 10800000.
 10799400. 10797360. 10796400. 10792800. 10782000. 10781700. 10777800.
 10771740. 10771200. 10767600. 10763340. 10757160. 10756800. 10739280.
 10737900. 10737513. 10720800. 10684800.  9244800.  8640000.  8424000.
  6825600.  6785100.  6422760.  6421800.  6420060.  6418620.  6413580.
  6413400.  6411600.  6402540.  6400800.  6398220.  6398100.  6397200.
  6393600.  6375000.  6364800.  6362220.  6362160.  6361740.  6356280.
  6343200.  6330240.  6328800.  6325860.  6325848.  6310800.  6134400.
  5356800.  4174560.  4168860.  4125960.  4123260.  4122720.  4122600.
  4117680.  4116060.  4111740.  4109940.  4101900.  4101840.  4100040.
  4096800.  4096140.  4096080.  4096020.  4095900.  4095780.  4095600.
  4095540.  4095480.  4095360.  4095000.  4094220.  4094160.  4094100.
  4094040.  4093980.  4093200.  4092720.  4089600.  4089540.  4089300.
  4089180.  4086000.  4085940.  4085280.  4084200.  4084020.  4083480.
  4081080.  4081020.  4080840.  4079040.  4078980.  4075200.  4071600.
  4071540.  4071480.  4071000.  4070880.  4070760.  4068900.  4064400.
  4061400.  4061353.  4060800.  4055940.  4053600.  4037100.  4032000.
  4025580.  4025340.  4024800.  4021200.  4003200.  3989222.  3988800.
  3985200.  3957300.  3944100.  3943980.  3942000.  3936240.  3916800.
  3909900.  3909857.  3895200.  3771000.  3764100.  3508200.  2948520.
  2947200.  2946780.  2946720.  2942640.  2941380.  2938560.  2937600.
  2935800.  2931360.  2930400.  2926800.  2915940.  2913840.  2909640.
  2909160.  2908980.  2908800.  2905200.  2901120.  2898000.  2894400.
  2893260.  2881200.  2876400.  2875620.  2874660.  2871780.  2869200.
  2865600.  2862000.  2861760.  2847660.  2828700.  2822400.  2821800.
  2787000.  2786956.  2772000.  2548800.,length=179]

key: time_sparse
value: {'data': array([3845940., 7860240., 3839640., ..., 2786956., 2772000., 2548800.],
      dtype=float32), 'indices': array([  31, 1548,   91, ...,  231,  231,  231], dtype=int32), 'indptr': array([    0,   174,   348,   522,   695,   867,  1039,  1211,  1383,
        1554,  1722,  1889,  2056,  2223,  2389,  2555,  2718,  2881,
        3043,  3204,  3364,  3523,  3678,  3833,  3985,  4136,  4287,
        4438,  4586,  4734,  4880,  5026,  5172,  5318,  5464,  5610,
        5755,  5900,  6045,  6190,  6335,  6477,  6617,  6757,  6897,
        7037,  7175,  7313,  7451,  7588,  7725,  7862,  7999,  8134,
        8269,  8402,  8535,  8668,  8801,  8934,  9067,  9200,  9333,
        9455,  9576,  9696,  9815,  9934, 10053, 10172, 10291, 10408,
       10525, 10642, 10759, 10876, 10993, 11110, 11227, 11344, 11459,
       11574, 11688, 11801, 11914, 12027, 12140, 12253, 12366, 12479,
       12592, 12705, 12818, 12930, 13042, 13154, 13266, 13378, 13490,
       13602, 13714, 13826, 13938, 14050, 14162, 14274, 14386, 14498,
       14609, 14720, 14831, 14942, 15053, 15162, 15270, 15378, 15486,
       15594, 15701, 15806, 15911, 16015, 16119, 16220, 16321, 16421,
       16520, 16619, 16718, 16817, 16916, 17015, 17114, 17212, 17303,
       17394, 17482, 17569, 17656, 17743, 17828, 17912, 17996, 18080,
       18163, 18243, 18322, 18400, 18478, 18554, 18630, 18694, 18758,
       18822, 18886, 18950, 19014, 19078, 19142, 19206, 19270, 19332,
       19393, 19454, 19510, 19562, 19614, 19665, 19711, 19756, 19800,
       19842, 19884, 19926, 19967, 20000, 20018, 20035, 20036, 20037],
      dtype=int32),length: 180}