INFO:root:time shape: torch.Size([750, 6100])
INFO:root:time is tensor([[    0.,     0.,     0.,  ...,     0.,     0.,     0.],
        [    0.,     0.,     0.,  ...,     0.,     0.,     0.],
        [    0.,     0.,     0.,  ...,     0.,     0.,     0.],
        ...,
        [16920.,     0.,     0.,  ...,     0.,     0.,     0.],
        [    0.,     0.,     0.,  ...,     0.,     0.,     0.],
        [    0.,     0.,     0.,  ...,     0.,     0.,     0.]])
INFO:root:censor_times.shape: torch.Size([750])
INFO:root:has_future_event.shape: torch.Size([750, 6100])
INFO:root:event_in_bin.shape: torch.Size([750, 8, 6100])
INFO:root:distribution of event_in_bin: tensor([0.5162, 0.1452, 0.0390, 0.0457, 0.0616, 0.0582, 0.0717, 0.0624])
INFO:root:censor_in_bin.shape: torch.Size([750, 8, 6100])
INFO:root:distribution of censor_in_bin: tensor([0.1260, 0.1386, 0.0892, 0.1043, 0.1013, 0.0752, 0.1228, 0.2425])
INFO:root:time shape: torch.Size([557, 6100])
INFO:root:time is tensor([[15420.,     0.,     0.,  ...,     0.,     0.,     0.],
        [ 5520.,     0.,     0.,  ...,     0.,     0.,     0.],
        [ 5482.,     0.,     0.,  ...,     0.,     0.,     0.],
        ...,
        [    0.,     0.,     0.,  ...,     0.,     0.,     0.],
        [    0.,     0.,     0.,  ...,     0.,     0.,     0.],
        [    0.,     0.,     0.,  ...,     0.,     0.,     0.]])
INFO:root:censor_times.shape: torch.Size([557])
INFO:root:has_future_event.shape: torch.Size([557, 6100])
INFO:root:event_in_bin.shape: torch.Size([557, 8, 6100])
INFO:root:distribution of event_in_bin: tensor([0.2751, 0.1859, 0.1280, 0.1116, 0.1235, 0.1004, 0.0727, 0.0027])
INFO:root:censor_in_bin.shape: torch.Size([557, 8, 6100])
INFO:root:distribution of censor_in_bin: tensor([0.1170, 0.0224, 0.0167, 0.0384, 0.0877, 0.2465, 0.2882, 0.1831])
INFO:root:time shape: torch.Size([636, 6100])
INFO:root:time is tensor([[0., 0., 0.,  ..., 0., 0., 0.],
        [0., 0., 0.,  ..., 0., 0., 0.],
        [0., 0., 0.,  ..., 0., 0., 0.],
        ...,
        [0., 0., 0.,  ..., 0., 0., 0.],
        [0., 0., 0.,  ..., 0., 0., 0.],
        [0., 0., 0.,  ..., 0., 0., 0.]])
INFO:root:censor_times.shape: torch.Size([636])
INFO:root:has_future_event.shape: torch.Size([636, 6100])
INFO:root:event_in_bin.shape: torch.Size([636, 8, 6100])
INFO:root:distribution of event_in_bin: tensor([0.3006, 0.2000, 0.1762, 0.0973, 0.0574, 0.0473, 0.0856, 0.0357])
INFO:root:censor_in_bin.shape: torch.Size([636, 8, 6100])
INFO:root:distribution of censor_in_bin: tensor([0.2772, 0.2050, 0.1610, 0.1092, 0.0867, 0.0792, 0.0545, 0.0272])
INFO:root:time shape: torch.Size([756, 6100])
INFO:root:time is tensor([[  53400., 6315180., 1480800.,  ...,       0.,       0.,       0.],
        [  51540., 6313320., 1478940.,  ...,       0.,       0.,       0.],
        [  51420., 6313200., 1478820.,  ...,       0.,       0.,       0.],
        ...,
        [      0.,       0.,       0.,  ...,       0.,       0.,       0.],
        [      0.,       0.,       0.,  ...,       0.,       0.,       0.],
        [      0.,       0.,       0.,  ...,       0.,       0.,       0.]])
INFO:root:censor_times.shape: torch.Size([756])
INFO:root:has_future_event.shape: torch.Size([756, 6100])
INFO:root:event_in_bin.shape: torch.Size([756, 8, 6100])
INFO:root:distribution of event_in_bin: tensor([0.3183, 0.2908, 0.2905, 0.0955, 0.0049, 0.0000, 0.0000, 0.0000])
INFO:root:censor_in_bin.shape: torch.Size([756, 8, 6100])
INFO:root:distribution of censor_in_bin: tensor([1.6036e-01, 3.5790e-01, 3.1755e-01, 1.3080e-01, 2.9582e-02, 3.4481e-03,
        3.3989e-04, 1.9409e-05])
INFO:root:time shape: torch.Size([806, 6100])
INFO:root:time is tensor([[      0.,       0., 7202640.,  ...,       0.,       0.,       0.],
        [      0.,       0., 7185060.,  ...,       0.,       0.,       0.],
        [      0.,       0., 7108860.,  ...,       0.,       0.,       0.],
        ...,
        [      0.,       0.,       0.,  ...,       0.,       0.,       0.],
        [      0.,       0.,       0.,  ...,       0.,       0.,       0.],
        [      0.,       0.,       0.,  ...,       0.,       0.,       0.]])
INFO:root:censor_times.shape: torch.Size([806])
INFO:root:has_future_event.shape: torch.Size([806, 6100])
INFO:root:event_in_bin.shape: torch.Size([806, 8, 6100])
INFO:root:distribution of event_in_bin: tensor([0.2802, 0.4133, 0.2632, 0.0388, 0.0045, 0.0000, 0.0000, 0.0000])
INFO:root:censor_in_bin.shape: torch.Size([806, 8, 6100])
INFO:root:distribution of censor_in_bin: tensor([2.9141e-02, 2.9832e-01, 4.5605e-01, 1.7813e-01, 3.3791e-02, 4.1356e-03,
        4.1237e-04, 2.6118e-05])
INFO:root:time shape: torch.Size([803, 6100])
INFO:root:time is tensor([[0., 0., 0.,  ..., 0., 0., 0.],
        [0., 0., 0.,  ..., 0., 0., 0.],
        [0., 0., 0.,  ..., 0., 0., 0.],
        ...,
        [0., 0., 0.,  ..., 0., 0., 0.],
        [0., 0., 0.,  ..., 0., 0., 0.],
        [0., 0., 0.,  ..., 0., 0., 0.]])
INFO:root:censor_times.shape: torch.Size([803])
INFO:root:has_future_event.shape: torch.Size([803, 6100])
INFO:root:event_in_bin.shape: torch.Size([803, 8, 6100])
INFO:root:distribution of event_in_bin: tensor([0.2790, 0.1334, 0.1024, 0.1312, 0.1026, 0.0732, 0.0948, 0.0835])
INFO:root:censor_in_bin.shape: torch.Size([803, 8, 6100])
INFO:root:distribution of censor_in_bin: tensor([0.0230, 0.1560, 0.1795, 0.1931, 0.1670, 0.1051, 0.0725, 0.1038])
INFO:root:time shape: torch.Size([717, 6100])
INFO:root:time is tensor([[34020.,     0.,     0.,  ...,     0.,     0.,     0.],
        [28080.,     0.,     0.,  ...,     0.,     0.,     0.],
        [27180.,     0.,     0.,  ...,     0.,     0.,     0.],
        ...,
        [    0.,     0.,     0.,  ...,     0.,     0.,     0.],
        [    0.,     0.,     0.,  ...,     0.,     0.,     0.],
        [    0.,     0.,     0.,  ...,     0.,     0.,     0.]])
INFO:root:censor_times.shape: torch.Size([717])
INFO:root:has_future_event.shape: torch.Size([717, 6100])
INFO:root:event_in_bin.shape: torch.Size([717, 8, 6100])
INFO:root:distribution of event_in_bin: tensor([0.4873, 0.2007, 0.1253, 0.0327, 0.0231, 0.0283, 0.0341, 0.0687])
INFO:root:censor_in_bin.shape: torch.Size([717, 8, 6100])
INFO:root:distribution of censor_in_bin: tensor([0.0820, 0.1879, 0.1399, 0.1612, 0.1461, 0.0803, 0.0498, 0.1529])
INFO:root:time shape: torch.Size([736, 6100])
INFO:root:time is tensor([[807540., 788880.,      0.,  ...,      0.,      0.,      0.],
        [ 12660.,      0.,      0.,  ...,      0.,      0.,      0.],
        [ 11520.,      0.,      0.,  ...,      0.,      0.,      0.],
        ...,
        [     0.,      0.,      0.,  ...,      0.,      0.,      0.],
        [     0.,      0.,      0.,  ...,      0.,      0.,      0.],
        [     0.,      0.,      0.,  ...,      0.,      0.,      0.]])
INFO:root:censor_times.shape: torch.Size([736])
INFO:root:has_future_event.shape: torch.Size([736, 6100])
INFO:root:event_in_bin.shape: torch.Size([736, 8, 6100])
