Using configuration:
  COHORT_BASE_DIR: /data/processed_datasets/processed_datasets/mimic/mimic_3.1/patient_outcome_tasks/
  PRETRAINING_DATA: /data/processed_datasets/processed_datasets/zj2398/femr/mimic/motor_mimic_bin_8_linear_interpolation
  OMOP_MEDS_READER: /data/raw_data/mimic/files/mimiciv/meds_v0.6/3.1/MEDS_cohort-reader
  NUM_PROC: 100
  TOKENS_PER_BATCH: 65536
  OBSERVATION_WINDOW: Not specified
  USE_LINEAR_INTERPOLATION: true

Discovering prediction tasks...
[1] Found task: in_hospital_mortality
[2] Found task: long_los
[3] Found task: readmission
Found 3 prediction tasks.
[1/3] Processing task: in_hospital_mortality
cohort_base_dir: /data/processed_datasets/processed_datasets/mimic/mimic_3.1/patient_outcome_tasks/
Task directory: /data/processed_datasets/processed_datasets/mimic/mimic_3.1/patient_outcome_tasks/in_hospital_mortality/
Running MOTOR feature generation for in_hospital_mortality...
Running MOTOR fine-tuning for in_hospital_mortality...
Executing command: python -u -m femr.omop_meds_tutorial.finetune_motor       --pretraining_data "/data/processed_datasets/processed_datasets/zj2398/femr/mimic/motor_mimic_bin_8_linear_interpolation"       --meds_reader "/data/raw_data/mimic/files/mimiciv/meds_v0.6/3.1/MEDS_cohort-reader"       --cohort_label "in_hospital_mortality"       --main_split_path "/data/processed_datasets/processed_datasets/zj2398/femr/mimic/main_split.csv"
Traceback (most recent call last):
  File "<frozen runpy>", line 198, in _run_module_as_main
  File "<frozen runpy>", line 88, in _run_code
  File "/home/zj2398@mc.cumc.columbia.edu/femr_chao_meds_v3/src/femr/omop_meds_tutorial/finetune_motor.py", line 171, in <module>
    main()
  File "/home/zj2398@mc.cumc.columbia.edu/femr_chao_meds_v3/src/femr/omop_meds_tutorial/finetune_motor.py", line 55, in main
    raise RuntimeError(f"The user provided label does not exist at {label_path}")
RuntimeError: The user provided label does not exist at /data/processed_datasets/processed_datasets/zj2398/femr/mimic/motor_mimic_bin_8_linear_interpolation/labels/in_hospital_mortality.parquet
Error: MOTOR fine-tuning failed for task in_hospital_mortality
[2/3] Processing task: long_los
cohort_base_dir: /data/processed_datasets/processed_datasets/mimic/mimic_3.1/patient_outcome_tasks/
Task directory: /data/processed_datasets/processed_datasets/mimic/mimic_3.1/patient_outcome_tasks/long_los/
Running MOTOR feature generation for long_los...
Running MOTOR fine-tuning for long_los...
Executing command: python -u -m femr.omop_meds_tutorial.finetune_motor       --pretraining_data "/data/processed_datasets/processed_datasets/zj2398/femr/mimic/motor_mimic_bin_8_linear_interpolation"       --meds_reader "/data/raw_data/mimic/files/mimiciv/meds_v0.6/3.1/MEDS_cohort-reader"       --cohort_label "long_los"       --main_split_path "/data/processed_datasets/processed_datasets/zj2398/femr/mimic/main_split.csv"
Traceback (most recent call last):
  File "<frozen runpy>", line 198, in _run_module_as_main
  File "<frozen runpy>", line 88, in _run_code
  File "/home/zj2398@mc.cumc.columbia.edu/femr_chao_meds_v3/src/femr/omop_meds_tutorial/finetune_motor.py", line 171, in <module>
    main()
  File "/home/zj2398@mc.cumc.columbia.edu/femr_chao_meds_v3/src/femr/omop_meds_tutorial/finetune_motor.py", line 55, in main
    raise RuntimeError(f"The user provided label does not exist at {label_path}")
RuntimeError: The user provided label does not exist at /data/processed_datasets/processed_datasets/zj2398/femr/mimic/motor_mimic_bin_8_linear_interpolation/labels/long_los.parquet
Error: MOTOR fine-tuning failed for task long_los
[3/3] Processing task: readmission
cohort_base_dir: /data/processed_datasets/processed_datasets/mimic/mimic_3.1/patient_outcome_tasks/
Task directory: /data/processed_datasets/processed_datasets/mimic/mimic_3.1/patient_outcome_tasks/readmission/
Running MOTOR feature generation for readmission...
Running MOTOR fine-tuning for readmission...
Executing command: python -u -m femr.omop_meds_tutorial.finetune_motor       --pretraining_data "/data/processed_datasets/processed_datasets/zj2398/femr/mimic/motor_mimic_bin_8_linear_interpolation"       --meds_reader "/data/raw_data/mimic/files/mimiciv/meds_v0.6/3.1/MEDS_cohort-reader"       --cohort_label "readmission"       --main_split_path "/data/processed_datasets/processed_datasets/zj2398/femr/mimic/main_split.csv"
Using configuration:
  COHORT_BASE_DIR: /data/processed_datasets/processed_datasets/mimic/mimic_3.1/patient_outcome_tasks/
  PRETRAINING_DATA: /data/processed_datasets/processed_datasets/zj2398/femr/mimic/motor_mimic_bin_8_linear_interpolation
  OMOP_MEDS_READER: /data/raw_data/mimic/files/mimiciv/meds_v0.6/3.1/MEDS_cohort-reader
  NUM_PROC: 100
  TOKENS_PER_BATCH: 65536
  OBSERVATION_WINDOW: Not specified
  USE_LINEAR_INTERPOLATION: true

Discovering prediction tasks...
[1] Found task: in_hospital_mortality
[2] Found task: long_los
[3] Found task: readmission
Found 3 prediction tasks.
[1/3] Processing task: in_hospital_mortality
cohort_base_dir: /data/processed_datasets/processed_datasets/mimic/mimic_3.1/patient_outcome_tasks/
Task directory: /data/processed_datasets/processed_datasets/mimic/mimic_3.1/patient_outcome_tasks/in_hospital_mortality/
Running MOTOR feature generation for in_hospital_mortality...
Executing command: python -u -m femr.omop_meds_tutorial.generate_motor_features       --pretraining_data "/data/processed_datasets/processed_datasets/zj2398/femr/mimic/motor_mimic_bin_8_linear_interpolation"       --model_path "/data/processed_datasets/processed_datasets/zj2398/femr/mimic/motor_mimic_bin_8_linear_interpolation/output/best_362214"       --meds_reader "/data/raw_data/mimic/files/mimiciv/meds_v0.6/3.1/MEDS_cohort-reader"       --num_proc "100"       --tokens_per_batch "65536"       --device "cuda:0"       --min_subjects_per_batch "8"       --cohort_dir "/data/processed_datasets/processed_datasets/mimic/mimic_3.1/patient_outcome_tasks/in_hospital_mortality/"       --ontology_path "/data/processed_datasets/processed_datasets/zj2398/femr/mimic/ontology.pkl" --linear_interpolation
label_name of cohort_dir: in_hospital_mortality
Loading labels from  /data/processed_datasets/processed_datasets/zj2398/femr/mimic/motor_mimic_bin_8_linear_interpolation/labels/in_hospital_mortality.parquet
labels:    subject_id     prediction_time  ...  float_value  categorical_value
0    10017886 2140-12-17 18:55:00  ...          NaN               None
1    10017886 2141-04-30 02:37:00  ...          NaN               None
2    10017886 2141-05-11 21:25:00  ...          NaN               None
3    10018297 2115-02-04 22:10:00  ...          NaN               None
4    10026879 2159-04-11 17:06:00  ...          NaN               None

[5 rows x 6 columns]
typed_labels length: 663244
Loading model from /data/processed_datasets/processed_datasets/zj2398/femr/mimic/motor_mimic_bin_8_linear_interpolation/output/best_362214
use_linear_interpolation: True
/home/zj2398@mc.cumc.columbia.edu/femr_chao_meds_v3/src/femr/models/transformer.py:515: FutureWarning: You are using `torch.load` with `weights_only=False` (the current default value), which uses the default pickle module implicitly. It is possible to construct malicious pickle data which will execute arbitrary code during unpickling (See https://github.com/pytorch/pytorch/blob/main/SECURITY.md#untrusted-models for more details). In a future release, the default value for `weights_only` will be flipped to `True`. This limits the functions that could be executed during unpickling. Arbitrary objects will no longer be allowed to be loaded via this mode unless they are explicitly allowlisted by the user via `torch.serialization.add_safe_globals`. We recommend you start setting `weights_only=True` for any use case where you don't have full control of the loaded file. Please open an issue on GitHub for any issues related to this experimental feature.
  state_dict = torch.load(os.path.join(model_path, "pytorch_model.bin"), map_location="cpu")
Traceback (most recent call last):
  File "<frozen runpy>", line 198, in _run_module_as_main
  File "<frozen runpy>", line 88, in _run_code
  File "/home/zj2398@mc.cumc.columbia.edu/femr_chao_meds_v3/src/femr/omop_meds_tutorial/generate_motor_features.py", line 188, in <module>
    main()
  File "/home/zj2398@mc.cumc.columbia.edu/femr_chao_meds_v3/src/femr/omop_meds_tutorial/generate_motor_features.py", line 163, in main
    features = femr.models.transformer.compute_features(
               ^^^^^^^^^^^^^^^^^^^^^^^^^^^^^^^^^^^^^^^^^
  File "/home/zj2398@mc.cumc.columbia.edu/femr_chao_meds_v3/src/femr/models/transformer.py", line 515, in compute_features
    state_dict = torch.load(os.path.join(model_path, "pytorch_model.bin"), map_location="cpu")
                 ^^^^^^^^^^^^^^^^^^^^^^^^^^^^^^^^^^^^^^^^^^^^^^^^^^^^^^^^^^^^^^^^^^^^^^^^^^^^^
  File "/data/anaconda3/envs/motor_chao/lib/python3.11/site-packages/torch/serialization.py", line 1319, in load
    with _open_file_like(f, "rb") as opened_file:
         ^^^^^^^^^^^^^^^^^^^^^^^^
  File "/data/anaconda3/envs/motor_chao/lib/python3.11/site-packages/torch/serialization.py", line 659, in _open_file_like
    return _open_file(name_or_buffer, mode)
           ^^^^^^^^^^^^^^^^^^^^^^^^^^^^^^^^
  File "/data/anaconda3/envs/motor_chao/lib/python3.11/site-packages/torch/serialization.py", line 640, in __init__
    super().__init__(open(name, mode))
                     ^^^^^^^^^^^^^^^^
FileNotFoundError: [Errno 2] No such file or directory: '/data/processed_datasets/processed_datasets/zj2398/femr/mimic/motor_mimic_bin_8_linear_interpolation/output/best_362214/pytorch_model.bin'
Error: MOTOR feature generation failed for task in_hospital_mortality
[2/3] Processing task: long_los
cohort_base_dir: /data/processed_datasets/processed_datasets/mimic/mimic_3.1/patient_outcome_tasks/
Task directory: /data/processed_datasets/processed_datasets/mimic/mimic_3.1/patient_outcome_tasks/long_los/
Running MOTOR feature generation for long_los...
Executing command: python -u -m femr.omop_meds_tutorial.generate_motor_features       --pretraining_data "/data/processed_datasets/processed_datasets/zj2398/femr/mimic/motor_mimic_bin_8_linear_interpolation"       --model_path "/data/processed_datasets/processed_datasets/zj2398/femr/mimic/motor_mimic_bin_8_linear_interpolation/output/best_362214"       --meds_reader "/data/raw_data/mimic/files/mimiciv/meds_v0.6/3.1/MEDS_cohort-reader"       --num_proc "100"       --tokens_per_batch "65536"       --device "cuda:0"       --min_subjects_per_batch "8"       --cohort_dir "/data/processed_datasets/processed_datasets/mimic/mimic_3.1/patient_outcome_tasks/long_los/"       --ontology_path "/data/processed_datasets/processed_datasets/zj2398/femr/mimic/ontology.pkl" --linear_interpolation
label_name of cohort_dir: long_los
Loading labels from  /data/processed_datasets/processed_datasets/zj2398/femr/mimic/motor_mimic_bin_8_linear_interpolation/labels/long_los.parquet
labels:    subject_id     prediction_time  boolean_value
0    10000032 2180-07-25 12:35:00          False
1    10000084 2160-11-23 01:56:00          False
2    10000117 2183-09-20 18:10:00          False
3    10000560 2189-10-17 10:30:00          False
4    10000690 2150-07-05 02:46:00          False
